mode: set
xyz/modules/limit/service/command.go:17.32,22.2 1 1
xyz/modules/limit/service/command.go:24.97,35.26 5 1
xyz/modules/limit/service/command.go:35.26,37.9 2 1
xyz/modules/limit/service/command.go:37.9,39.23 2 1
xyz/modules/limit/service/command.go:39.23,41.5 1 0
xyz/modules/limit/service/command.go:42.4,47.18 5 1
xyz/modules/limit/service/command.go:47.18,49.5 1 1
xyz/modules/limit/service/command.go:53.2,53.19 1 1
xyz/modules/limit/service/command.go:56.85,58.16 2 1
xyz/modules/limit/service/command.go:58.16,60.3 1 1
xyz/modules/limit/service/command.go:61.2,61.19 1 1
xyz/modules/limit/service/query.go:12.117,16.2 1 1
xyz/modules/limit/service/query.go:18.93,20.16 2 1
xyz/modules/limit/service/query.go:20.16,22.3 1 1
xyz/modules/limit/service/query.go:23.2,23.19 1 1
xyz/modules/limit/service/query.go:26.80,28.16 2 0
xyz/modules/limit/service/query.go:28.16,30.3 1 0
xyz/modules/limit/service/query.go:31.2,31.19 1 0
